<?xml version="1.0" encoding="UTF-8"?>
<testsuite xmlns:xsi="http://www.w3.org/2001/XMLSchema-instance" xsi:noNamespaceSchemaLocation="https://maven.apache.org/surefire/maven-surefire-plugin/xsd/surefire-test-report.xsd" name="org.aartaraz.junit5app.ejemplos.models.CuentaTest" time="5.131" tests="3" errors="0" skipped="0" failures="0">
  <properties>
[...]
</properties>
  <testcase name="pruebaTimeout2" classname="org.aartaraz.junit5app.ejemplos.models.CuentaTest$EjemploTimeoutTest" time="0.974"/>
  <testcase name="testTimeoutAssertions" classname="org.aartaraz.junit5app.ejemplos.models.CuentaTest$EjemploTimeoutTest" time="4.015"/>
  <testcase name="pruebaTimeout" classname="org.aartaraz.junit5app.ejemplos.models.CuentaTest$EjemploTimeoutTest" time="0.107"/>
</testsuite>